t=2022-02-10T19:58:39+0530 lvl=info msg=Configured api=signer audit log=audit.log
t=2022-02-10T19:59:43+0530 lvl=info msg=Version    api=signer type=request metadata="{\"remote\":\"NA\",\"local\":\"NA\",\"scheme\":\"ipc\",\"User-Agent\":\"\",\"Origin\":\"\"}"
t=2022-02-10T19:59:43+0530 lvl=info msg=Version    api=signer type=response data=6.1.0 error=nil
t=2022-02-10T20:03:14+0530 lvl=info msg=List       api=signer type=request  metadata="{\"remote\":\"NA\",\"local\":\"NA\",\"scheme\":\"ipc\",\"User-Agent\":\"\",\"Origin\":\"\"}"
t=2022-02-10T20:03:53+0530 lvl=info msg=List       api=signer type=response data="[0xBc494C334338940B563bc533942978C3D58af4bb 0xe447719454582f149793bC5Da0E9498c60023eb4]"
t=2022-02-10T20:04:06+0530 lvl=info msg=List       api=signer type=request  metadata="{\"remote\":\"NA\",\"local\":\"NA\",\"scheme\":\"ipc\",\"User-Agent\":\"\",\"Origin\":\"\"}"
t=2022-02-10T20:04:11+0530 lvl=info msg=List       api=signer type=response data="[0xBc494C334338940B563bc533942978C3D58af4bb 0xe447719454582f149793bC5Da0E9498c60023eb4]"
t=2022-02-10T20:08:24+0530 lvl=info msg=SignData   api=signer type=request  metadata="{\"remote\":\"NA\",\"local\":\"NA\",\"scheme\":\"ipc\",\"User-Agent\":\"\",\"Origin\":\"\"}" addr="0xBc494C334338940B563bc533942978C3D58af4bb [chksum ok]" data="[34 48 120 101 51 49 101 57 50 102 56 100 51 52 48 52 50 102 52 97 49 48 49 56 100 99 50 49 56 50 54 101 55 54 98 53 99 54 52 57 102 57 52 100 102 51 52 49 98 54 102 102 98 102 101 51 53 49 51 101 99 97 51 54 55 57 52 34]" content-type=text/plain
t=2022-02-10T20:08:57+0530 lvl=info msg=SignData   api=signer type=response data=      error="could not decrypt key with given password"
t=2022-02-10T20:09:19+0530 lvl=info msg=SignData   api=signer type=request  metadata="{\"remote\":\"NA\",\"local\":\"NA\",\"scheme\":\"ipc\",\"User-Agent\":\"\",\"Origin\":\"\"}" addr="0xBc494C334338940B563bc533942978C3D58af4bb [chksum ok]" data="[34 48 120 101 51 49 101 57 50 102 56 100 51 52 48 52 50 102 52 97 49 48 49 56 100 99 50 49 56 50 54 101 55 54 98 53 99 54 52 57 102 57 52 100 102 51 52 49 98 54 102 102 98 102 101 51 53 49 51 101 99 97 51 54 55 57 52 34]" content-type=text/plain
t=2022-02-10T20:09:30+0530 lvl=info msg=SignData   api=signer type=response data=f218a4810b8d9d993b00fbd870bb436213290cb28f6fee852f5c32bb17f602ab13bd121887ceb5787b525e4b143d73848eacaf8fadfd76267a2f749a947d192d1b error=nil
t=2022-02-10T20:11:49+0530 lvl=info msg=SignTransaction api=signer type=request  metadata="{\"remote\":\"NA\",\"local\":\"NA\",\"scheme\":\"ipc\",\"User-Agent\":\"\",\"Origin\":\"\"}" tx="{\"from\":{},\"to\":\"0x5893b76fd7ec4BEF2a019bAFb42F0af915b28852\",\"gas\":\"0x5208\",\"gasPrice\":null,\"maxFeePerGas\":\"0x9502f91b\",\"maxPriorityFeePerGas\":\"0x9502f8e9\",\"value\":\"0x6f05b59d3b20000\",\"nonce\":\"0x0\",\"data\":\"0x\",\"accessList\":[],\"chainId\":\"0x5\"}" methodSelector=<nil>
t=2022-02-10T20:12:47+0530 lvl=info msg=SignTransaction api=signer type=response data=02f8720580849502f8e9849502f91b825208945893b76fd7ec4bef2a019bafb42f0af915b288528806f05b59d3b2000080c080a0383f3e3a2f32e54c42c49e9c5b6f713edbdb22c2ff540e6a7f55b72f07a239aca01b0b7a83ee7899f997c5ebbd58fa984df71a615e37b66c80c740887afe8001c2 error=nil
t=2022-02-10T20:23:33+0530 lvl=info msg=List            api=signer type=request  metadata="{\"remote\":\"NA\",\"local\":\"NA\",\"scheme\":\"ipc\",\"User-Agent\":\"\",\"Origin\":\"\"}"
t=2022-02-10T20:24:24+0530 lvl=info msg=List            api=signer type=response data="[0xBc494C334338940B563bc533942978C3D58af4bb 0xe447719454582f149793bC5Da0E9498c60023eb4]"
t=2022-02-10T20:24:24+0530 lvl=info msg=List            api=signer type=request  metadata="{\"remote\":\"NA\",\"local\":\"NA\",\"scheme\":\"ipc\",\"User-Agent\":\"\",\"Origin\":\"\"}"
t=2022-02-10T20:24:29+0530 lvl=info msg=List            api=signer type=response data="[0xBc494C334338940B563bc533942978C3D58af4bb 0xe447719454582f149793bC5Da0E9498c60023eb4]"
t=2022-02-10T20:24:29+0530 lvl=info msg=List            api=signer type=request  metadata="{\"remote\":\"NA\",\"local\":\"NA\",\"scheme\":\"ipc\",\"User-Agent\":\"\",\"Origin\":\"\"}"
t=2022-02-10T20:24:33+0530 lvl=info msg=List            api=signer type=response data="[0xBc494C334338940B563bc533942978C3D58af4bb 0xe447719454582f149793bC5Da0E9498c60023eb4]"
t=2022-02-10T20:24:33+0530 lvl=info msg=List            api=signer type=request  metadata="{\"remote\":\"NA\",\"local\":\"NA\",\"scheme\":\"ipc\",\"User-Agent\":\"\",\"Origin\":\"\"}"
t=2022-02-10T20:25:29+0530 lvl=info msg=List            api=signer type=response data="[0xBc494C334338940B563bc533942978C3D58af4bb 0xe447719454582f149793bC5Da0E9498c60023eb4]"
